1646841602.394299 client started (138043): version 3.0a, socket /tmp/tmux-1000/default, protocol 8
1646841602.394427 on Linux 5.13.0-30-generic #33~20.04.1-Ubuntu SMP Mon Feb 7 14:25:10 UTC 2022; libevent 2.1.11-stable (poll)
1646841602.394512 socket is /tmp/tmux-1000/default
1646841602.394591 trying connect
1646841602.394701 connect failed: Connection refused
1646841602.394789 lock file is /tmp/tmux-1000/default.lock
1646841602.395084 flock succeeded
1646841602.395133 got lock (6)
1646841602.395190 trying connect
1646841602.395278 connect failed: Connection refused
1646841602.395883 add peer 0x55611146aa10: 7 ((nil))
1646841602.396254 sending message 100 to peer 0x55611146aa10 (4 bytes)
1646841602.396309 sending message 101 to peer 0x55611146aa10 (15 bytes)
1646841602.396342 sending message 102 to peer 0x55611146aa10 (11 bytes)
1646841602.396450 sending message 108 to peer 0x55611146aa10 (23 bytes)
1646841602.396529 sending message 104 to peer 0x55611146aa10 (0 bytes)
1646841602.396572 sending message 107 to peer 0x55611146aa10 (4 bytes)
1646841602.396623 sending message 105 to peer 0x55611146aa10 (15 bytes)
1646841602.396672 sending message 105 to peer 0x55611146aa10 (20 bytes)
1646841602.396710 sending message 105 to peer 0x55611146aa10 (54 bytes)
1646841602.396754 sending message 105 to peer 0x55611146aa10 (23 bytes)
1646841602.396794 sending message 105 to peer 0x55611146aa10 (11 bytes)
1646841602.396872 sending message 105 to peer 0x55611146aa10 (18 bytes)
1646841602.396925 sending message 105 to peer 0x55611146aa10 (44 bytes)
1646841602.396960 sending message 105 to peer 0x55611146aa10 (52 bytes)
1646841602.397006 sending message 105 to peer 0x55611146aa10 (28 bytes)
1646841602.397042 sending message 105 to peer 0x55611146aa10 (19 bytes)
1646841602.397081 sending message 105 to peer 0x55611146aa10 (22 bytes)
1646841602.397117 sending message 105 to peer 0x55611146aa10 (21 bytes)
1646841602.397154 sending message 105 to peer 0x55611146aa10 (22 bytes)
1646841602.397192 sending message 105 to peer 0x55611146aa10 (27 bytes)
1646841602.397263 sending message 105 to peer 0x55611146aa10 (34 bytes)
1646841602.397309 sending message 105 to peer 0x55611146aa10 (23 bytes)
1646841602.397347 sending message 105 to peer 0x55611146aa10 (17 bytes)
1646841602.397386 sending message 105 to peer 0x55611146aa10 (10 bytes)
1646841602.397421 sending message 105 to peer 0x55611146aa10 (23 bytes)
1646841602.397459 sending message 105 to peer 0x55611146aa10 (30 bytes)
1646841602.397502 sending message 105 to peer 0x55611146aa10 (27 bytes)
1646841602.397542 sending message 105 to peer 0x55611146aa10 (24 bytes)
1646841602.397585 sending message 105 to peer 0x55611146aa10 (20 bytes)
1646841602.397624 sending message 105 to peer 0x55611146aa10 (23 bytes)
1646841602.397659 sending message 105 to peer 0x55611146aa10 (21 bytes)
1646841602.397688 sending message 105 to peer 0x55611146aa10 (25 bytes)
1646841602.397720 sending message 105 to peer 0x55611146aa10 (20 bytes)
1646841602.397762 sending message 105 to peer 0x55611146aa10 (16 bytes)
1646841602.397794 sending message 105 to peer 0x55611146aa10 (202 bytes)
1646841602.397830 sending message 105 to peer 0x55611146aa10 (13 bytes)
1646841602.397870 sending message 105 to peer 0x55611146aa10 (27 bytes)
1646841602.397906 sending message 105 to peer 0x55611146aa10 (19 bytes)
1646841602.397942 sending message 105 to peer 0x55611146aa10 (30 bytes)
1646841602.397975 sending message 105 to peer 0x55611146aa10 (18 bytes)
1646841602.398011 sending message 105 to peer 0x55611146aa10 (96 bytes)
1646841602.398045 sending message 105 to peer 0x55611146aa10 (16 bytes)
1646841602.398081 sending message 105 to peer 0x55611146aa10 (50 bytes)
1646841602.398135 sending message 105 to peer 0x55611146aa10 (8 bytes)
1646841602.398177 sending message 105 to peer 0x55611146aa10 (19 bytes)
1646841602.398218 sending message 105 to peer 0x55611146aa10 (41 bytes)
1646841602.398256 sending message 105 to peer 0x55611146aa10 (20 bytes)
1646841602.398291 sending message 105 to peer 0x55611146aa10 (13 bytes)
1646841602.398322 sending message 105 to peer 0x55611146aa10 (17 bytes)
1646841602.398390 sending message 105 to peer 0x55611146aa10 (18 bytes)
1646841602.398427 sending message 105 to peer 0x55611146aa10 (13 bytes)
1646841602.398458 sending message 105 to peer 0x55611146aa10 (41 bytes)
1646841602.398499 sending message 105 to peer 0x55611146aa10 (29 bytes)
1646841602.398534 sending message 105 to peer 0x55611146aa10 (65 bytes)
1646841602.398570 sending message 105 to peer 0x55611146aa10 (24 bytes)
1646841602.398605 sending message 105 to peer 0x55611146aa10 (103 bytes)
1646841602.398640 sending message 105 to peer 0x55611146aa10 (23 bytes)
1646841602.398672 sending message 105 to peer 0x55611146aa10 (31 bytes)
1646841602.398706 sending message 105 to peer 0x55611146aa10 (15 bytes)
1646841602.398741 sending message 105 to peer 0x55611146aa10 (23 bytes)
1646841602.398777 sending message 105 to peer 0x55611146aa10 (27 bytes)
1646841602.398814 sending message 105 to peer 0x55611146aa10 (18 bytes)
1646841602.398846 sending message 105 to peer 0x55611146aa10 (21 bytes)
1646841602.398891 sending message 105 to peer 0x55611146aa10 (11 bytes)
1646841602.398928 sending message 105 to peer 0x55611146aa10 (20 bytes)
1646841602.398967 sending message 105 to peer 0x55611146aa10 (21 bytes)
1646841602.399006 sending message 105 to peer 0x55611146aa10 (12 bytes)
1646841602.399051 sending message 105 to peer 0x55611146aa10 (20 bytes)
1646841602.399088 sending message 105 to peer 0x55611146aa10 (29 bytes)
1646841602.399124 sending message 105 to peer 0x55611146aa10 (12 bytes)
1646841602.399165 sending message 105 to peer 0x55611146aa10 (61 bytes)
1646841602.399203 sending message 105 to peer 0x55611146aa10 (29 bytes)
1646841602.399239 sending message 105 to peer 0x55611146aa10 (11 bytes)
1646841602.399278 sending message 105 to peer 0x55611146aa10 (127 bytes)
1646841602.399324 sending message 105 to peer 0x55611146aa10 (32 bytes)
1646841602.399364 sending message 105 to peer 0x55611146aa10 (1506 bytes)
1646841602.399430 sending message 105 to peer 0x55611146aa10 (10 bytes)
1646841602.399467 sending message 105 to peer 0x55611146aa10 (12 bytes)
1646841602.399497 sending message 105 to peer 0x55611146aa10 (12 bytes)
1646841602.399534 sending message 105 to peer 0x55611146aa10 (21 bytes)
1646841602.399572 sending message 105 to peer 0x55611146aa10 (24 bytes)
1646841602.399615 sending message 105 to peer 0x55611146aa10 (24 bytes)
1646841602.399658 sending message 105 to peer 0x55611146aa10 (21 bytes)
1646841602.399694 sending message 105 to peer 0x55611146aa10 (28 bytes)
1646841602.399729 sending message 105 to peer 0x55611146aa10 (21 bytes)
1646841602.399760 sending message 105 to peer 0x55611146aa10 (24 bytes)
1646841602.399805 sending message 105 to peer 0x55611146aa10 (21 bytes)
1646841602.399844 sending message 105 to peer 0x55611146aa10 (27 bytes)
1646841602.399884 sending message 105 to peer 0x55611146aa10 (30 bytes)
1646841602.399918 sending message 105 to peer 0x55611146aa10 (27 bytes)
1646841602.399953 sending message 105 to peer 0x55611146aa10 (19 bytes)
1646841602.399980 sending message 105 to peer 0x55611146aa10 (30 bytes)
1646841602.400011 sending message 105 to peer 0x55611146aa10 (56 bytes)
1646841602.400044 sending message 105 to peer 0x55611146aa10 (73 bytes)
1646841602.400095 sending message 105 to peer 0x55611146aa10 (82 bytes)
1646841602.400139 sending message 105 to peer 0x55611146aa10 (65 bytes)
1646841602.400173 sending message 105 to peer 0x55611146aa10 (32 bytes)
1646841602.400216 sending message 105 to peer 0x55611146aa10 (16 bytes)
1646841602.400253 sending message 106 to peer 0x55611146aa10 (0 bytes)
1646841602.400315 sending message 200 to peer 0x55611146aa10 (4 bytes)
1646841602.400362 client loop enter
1646841602.515055 peer 0x55611146aa10 message 207
1646841602.515075 sending message 208 to peer 0x55611146aa10 (0 bytes)
1646841607.345526 peer 0x55611146aa10 message 203
1646841607.345591 sending message 205 to peer 0x55611146aa10 (0 bytes)
1646841607.346466 peer 0x55611146aa10 message 204
1646841607.346508 client loop exit
